<?xml version="1.0" encoding="UTF-8"?>
<testsuite xmlns:xsi="http://www.w3.org/2001/XMLSchema-instance" xsi:noNamespaceSchemaLocation="https://maven.apache.org/surefire/maven-surefire-plugin/xsd/surefire-test-report.xsd" name="com.in28minutes.microservices.currencyexchangeservice.CurrencyExchangeServiceApplicationTests" time="3.651" tests="1" errors="0" skipped="0" failures="0">
  <properties>
    <property name="gopherProxySet" value="false"/>
    <property name="awt.toolkit" value="sun.lwawt.macosx.LWCToolkit"/>
    <property name="file.encoding.pkg" value="sun.io"/>
    <property name="java.specification.version" value="1.8"/>
    <property name="sun.cpu.isalist" value=""/>
    <property name="sun.jnu.encoding" value="UTF-8"/>
    <property name="java.class.path" value="/Users/mohankumar/Desktop/jenkins-devops-microservice/currency-exchange-microservice/target/test-classes:/Users/mohankumar/Desktop/jenkins-devops-microservice/currency-exchange-microservice/target/classes:/Users/mohankumar/.m2/repository/org/springframework/boot/spring-boot-starter-web/2.1.1.RELEASE/spring-boot-starter-web-2.1.1.RELEASE.jar:/Users/mohankumar/.m2/repository/org/springframework/boot/spring-boot-starter/2.1.1.RELEASE/spring-boot-starter-2.1.1.RELEASE.jar:/Users/mohankumar/.m2/repository/org/springframework/boot/spring-boot-starter-logging/2.1.1.RELEASE/spring-boot-starter-logging-2.1.1.RELEASE.jar:/Users/mohankumar/.m2/repository/ch/qos/logback/logback-classic/1.2.3/logback-classic-1.2.3.jar:/Users/mohankumar/.m2/repository/ch/qos/logback/logback-core/1.2.3/logback-core-1.2.3.jar:/Users/mohankumar/.m2/repository/org/apache/logging/log4j/log4j-to-slf4j/2.11.1/log4j-to-slf4j-2.11.1.jar:/Users/mohankumar/.m2/repository/org/apache/logging/log4j/log4j-api/2.11.1/log4j-api-2.11.1.jar:/Users/mohankumar/.m2/repository/org/slf4j/jul-to-slf4j/1.7.25/jul-to-slf4j-1.7.25.jar:/Users/mohankumar/.m2/repository/javax/annotation/javax.annotation-api/1.3.2/javax.annotation-api-1.3.2.jar:/Users/mohankumar/.m2/repository/org/yaml/snakeyaml/1.23/snakeyaml-1.23.jar:/Users/mohankumar/.m2/repository/org/springframework/boot/spring-boot-starter-json/2.1.1.RELEASE/spring-boot-starter-json-2.1.1.RELEASE.jar:/Users/mohankumar/.m2/repository/com/fasterxml/jackson/core/jackson-databind/2.9.7/jackson-databind-2.9.7.jar:/Users/mohankumar/.m2/repository/com/fasterxml/jackson/core/jackson-annotations/2.9.0/jackson-annotations-2.9.0.jar:/Users/mohankumar/.m2/repository/com/fasterxml/jackson/core/jackson-core/2.9.7/jackson-core-2.9.7.jar:/Users/mohankumar/.m2/repository/com/fasterxml/jackson/datatype/jackson-datatype-jdk8/2.9.7/jackson-datatype-jdk8-2.9.7.jar:/Users/mohankumar/.m2/repository/com/fasterxml/jackson/datatype/jackson-datatype-jsr310/2.9.7/jackson-datatype-jsr310-2.9.7.jar:/Users/mohankumar/.m2/repository/com/fasterxml/jackson/module/jackson-module-parameter-names/2.9.7/jackson-module-parameter-names-2.9.7.jar:/Users/mohankumar/.m2/repository/org/springframework/boot/spring-boot-starter-tomcat/2.1.1.RELEASE/spring-boot-starter-tomcat-2.1.1.RELEASE.jar:/Users/mohankumar/.m2/repository/org/apache/tomcat/embed/tomcat-embed-core/9.0.13/tomcat-embed-core-9.0.13.jar:/Users/mohankumar/.m2/repository/org/apache/tomcat/embed/tomcat-embed-el/9.0.13/tomcat-embed-el-9.0.13.jar:/Users/mohankumar/.m2/repository/org/apache/tomcat/embed/tomcat-embed-websocket/9.0.13/tomcat-embed-websocket-9.0.13.jar:/Users/mohankumar/.m2/repository/org/hibernate/validator/hibernate-validator/6.0.13.Final/hibernate-validator-6.0.13.Final.jar:/Users/mohankumar/.m2/repository/javax/validation/validation-api/2.0.1.Final/validation-api-2.0.1.Final.jar:/Users/mohankumar/.m2/repository/org/jboss/logging/jboss-logging/3.3.2.Final/jboss-logging-3.3.2.Final.jar:/Users/mohankumar/.m2/repository/com/fasterxml/classmate/1.4.0/classmate-1.4.0.jar:/Users/mohankumar/.m2/repository/org/springframework/spring-web/5.1.3.RELEASE/spring-web-5.1.3.RELEASE.jar:/Users/mohankumar/.m2/repository/org/springframework/spring-beans/5.1.3.RELEASE/spring-beans-5.1.3.RELEASE.jar:/Users/mohankumar/.m2/repository/org/springframework/spring-webmvc/5.1.3.RELEASE/spring-webmvc-5.1.3.RELEASE.jar:/Users/mohankumar/.m2/repository/org/springframework/spring-aop/5.1.3.RELEASE/spring-aop-5.1.3.RELEASE.jar:/Users/mohankumar/.m2/repository/org/springframework/spring-context/5.1.3.RELEASE/spring-context-5.1.3.RELEASE.jar:/Users/mohankumar/.m2/repository/org/springframework/spring-expression/5.1.3.RELEASE/spring-expression-5.1.3.RELEASE.jar:/Users/mohankumar/.m2/repository/org/springframework/boot/spring-boot-starter-data-jpa/2.1.1.RELEASE/spring-boot-starter-data-jpa-2.1.1.RELEASE.jar:/Users/mohankumar/.m2/repository/org/springframework/boot/spring-boot-starter-aop/2.1.1.RELEASE/spring-boot-starter-aop-2.1.1.RELEASE.jar:/Users/mohankumar/.m2/repository/org/aspectj/aspectjweaver/1.9.2/aspectjweaver-1.9.2.jar:/Users/mohankumar/.m2/repository/org/springframework/boot/spring-boot-starter-jdbc/2.1.1.RELEASE/spring-boot-starter-jdbc-2.1.1.RELEASE.jar:/Users/mohankumar/.m2/repository/com/zaxxer/HikariCP/3.2.0/HikariCP-3.2.0.jar:/Users/mohankumar/.m2/repository/org/springframework/spring-jdbc/5.1.3.RELEASE/spring-jdbc-5.1.3.RELEASE.jar:/Users/mohankumar/.m2/repository/javax/transaction/javax.transaction-api/1.3/javax.transaction-api-1.3.jar:/Users/mohankumar/.m2/repository/org/hibernate/hibernate-core/5.3.7.Final/hibernate-core-5.3.7.Final.jar:/Users/mohankumar/.m2/repository/javax/persistence/javax.persistence-api/2.2/javax.persistence-api-2.2.jar:/Users/mohankumar/.m2/repository/org/javassist/javassist/3.23.1-GA/javassist-3.23.1-GA.jar:/Users/mohankumar/.m2/repository/net/bytebuddy/byte-buddy/1.9.5/byte-buddy-1.9.5.jar:/Users/mohankumar/.m2/repository/antlr/antlr/2.7.7/antlr-2.7.7.jar:/Users/mohankumar/.m2/repository/org/jboss/jandex/2.0.5.Final/jandex-2.0.5.Final.jar:/Users/mohankumar/.m2/repository/org/dom4j/dom4j/2.1.1/dom4j-2.1.1.jar:/Users/mohankumar/.m2/repository/org/hibernate/common/hibernate-commons-annotations/5.0.4.Final/hibernate-commons-annotations-5.0.4.Final.jar:/Users/mohankumar/.m2/repository/org/springframework/data/spring-data-jpa/2.1.3.RELEASE/spring-data-jpa-2.1.3.RELEASE.jar:/Users/mohankumar/.m2/repository/org/springframework/data/spring-data-commons/2.1.3.RELEASE/spring-data-commons-2.1.3.RELEASE.jar:/Users/mohankumar/.m2/repository/org/springframework/spring-orm/5.1.3.RELEASE/spring-orm-5.1.3.RELEASE.jar:/Users/mohankumar/.m2/repository/org/springframework/spring-tx/5.1.3.RELEASE/spring-tx-5.1.3.RELEASE.jar:/Users/mohankumar/.m2/repository/org/slf4j/slf4j-api/1.7.25/slf4j-api-1.7.25.jar:/Users/mohankumar/.m2/repository/org/springframework/spring-aspects/5.1.3.RELEASE/spring-aspects-5.1.3.RELEASE.jar:/Users/mohankumar/.m2/repository/org/springframework/boot/spring-boot-devtools/2.1.1.RELEASE/spring-boot-devtools-2.1.1.RELEASE.jar:/Users/mohankumar/.m2/repository/org/springframework/boot/spring-boot/2.1.1.RELEASE/spring-boot-2.1.1.RELEASE.jar:/Users/mohankumar/.m2/repository/org/springframework/boot/spring-boot-autoconfigure/2.1.1.RELEASE/spring-boot-autoconfigure-2.1.1.RELEASE.jar:/Users/mohankumar/.m2/repository/com/h2database/h2/1.4.197/h2-1.4.197.jar:/Users/mohankumar/.m2/repository/javax/xml/bind/jaxb-api/2.3.1/jaxb-api-2.3.1.jar:/Users/mohankumar/.m2/repository/javax/activation/javax.activation-api/1.2.0/javax.activation-api-1.2.0.jar:/Users/mohankumar/.m2/repository/com/sun/xml/bind/jaxb-impl/2.3.1/jaxb-impl-2.3.1.jar:/Users/mohankumar/.m2/repository/org/glassfish/jaxb/jaxb-runtime/2.3.1/jaxb-runtime-2.3.1.jar:/Users/mohankumar/.m2/repository/org/glassfish/jaxb/txw2/2.3.1/txw2-2.3.1.jar:/Users/mohankumar/.m2/repository/com/sun/istack/istack-commons-runtime/3.0.7/istack-commons-runtime-3.0.7.jar:/Users/mohankumar/.m2/repository/org/jvnet/staxex/stax-ex/1.8/stax-ex-1.8.jar:/Users/mohankumar/.m2/repository/com/sun/xml/fastinfoset/FastInfoset/1.2.15/FastInfoset-1.2.15.jar:/Users/mohankumar/.m2/repository/javax/activation/activation/1.1.1/activation-1.1.1.jar:/Users/mohankumar/.m2/repository/org/springframework/boot/spring-boot-starter-test/2.1.1.RELEASE/spring-boot-starter-test-2.1.1.RELEASE.jar:/Users/mohankumar/.m2/repository/org/springframework/boot/spring-boot-test/2.1.1.RELEASE/spring-boot-test-2.1.1.RELEASE.jar:/Users/mohankumar/.m2/repository/org/springframework/boot/spring-boot-test-autoconfigure/2.1.1.RELEASE/spring-boot-test-autoconfigure-2.1.1.RELEASE.jar:/Users/mohankumar/.m2/repository/com/jayway/jsonpath/json-path/2.4.0/json-path-2.4.0.jar:/Users/mohankumar/.m2/repository/net/minidev/json-smart/2.3/json-smart-2.3.jar:/Users/mohankumar/.m2/repository/net/minidev/accessors-smart/1.2/accessors-smart-1.2.jar:/Users/mohankumar/.m2/repository/org/ow2/asm/asm/5.0.4/asm-5.0.4.jar:/Users/mohankumar/.m2/repository/org/assertj/assertj-core/3.11.1/assertj-core-3.11.1.jar:/Users/mohankumar/.m2/repository/org/mockito/mockito-core/2.23.4/mockito-core-2.23.4.jar:/Users/mohankumar/.m2/repository/net/bytebuddy/byte-buddy-agent/1.9.5/byte-buddy-agent-1.9.5.jar:/Users/mohankumar/.m2/repository/org/objenesis/objenesis/2.6/objenesis-2.6.jar:/Users/mohankumar/.m2/repository/org/hamcrest/hamcrest-core/1.3/hamcrest-core-1.3.jar:/Users/mohankumar/.m2/repository/org/hamcrest/hamcrest-library/1.3/hamcrest-library-1.3.jar:/Users/mohankumar/.m2/repository/org/skyscreamer/jsonassert/1.5.0/jsonassert-1.5.0.jar:/Users/mohankumar/.m2/repository/com/vaadin/external/google/android-json/0.0.20131108.vaadin1/android-json-0.0.20131108.vaadin1.jar:/Users/mohankumar/.m2/repository/org/springframework/spring-core/5.1.3.RELEASE/spring-core-5.1.3.RELEASE.jar:/Users/mohankumar/.m2/repository/org/springframework/spring-jcl/5.1.3.RELEASE/spring-jcl-5.1.3.RELEASE.jar:/Users/mohankumar/.m2/repository/org/springframework/spring-test/5.1.3.RELEASE/spring-test-5.1.3.RELEASE.jar:/Users/mohankumar/.m2/repository/org/xmlunit/xmlunit-core/2.6.2/xmlunit-core-2.6.2.jar:/Users/mohankumar/.m2/repository/org/springframework/security/spring-security-test/5.1.2.RELEASE/spring-security-test-5.1.2.RELEASE.jar:/Users/mohankumar/.m2/repository/org/springframework/security/spring-security-core/5.1.2.RELEASE/spring-security-core-5.1.2.RELEASE.jar:/Users/mohankumar/.m2/repository/org/springframework/security/spring-security-web/5.1.2.RELEASE/spring-security-web-5.1.2.RELEASE.jar:/Users/mohankumar/.m2/repository/io/cucumber/cucumber-spring/7.17.0/cucumber-spring-7.17.0.jar:/Users/mohankumar/.m2/repository/io/cucumber/cucumber-core/7.17.0/cucumber-core-7.17.0.jar:/Users/mohankumar/.m2/repository/io/cucumber/cucumber-gherkin/7.17.0/cucumber-gherkin-7.17.0.jar:/Users/mohankumar/.m2/repository/io/cucumber/cucumber-gherkin-messages/7.17.0/cucumber-gherkin-messages-7.17.0.jar:/Users/mohankumar/.m2/repository/io/cucumber/gherkin/28.0.0/gherkin-28.0.0.jar:/Users/mohankumar/.m2/repository/io/cucumber/messages/24.1.0/messages-24.1.0.jar:/Users/mohankumar/.m2/repository/io/cucumber/testng-xml-formatter/0.1.0/testng-xml-formatter-0.1.0.jar:/Users/mohankumar/.m2/repository/io/cucumber/query/12.2.0/query-12.2.0.jar:/Users/mohankumar/.m2/repository/io/cucumber/tag-expressions/6.1.0/tag-expressions-6.1.0.jar:/Users/mohankumar/.m2/repository/io/cucumber/cucumber-expressions/17.1.0/cucumber-expressions-17.1.0.jar:/Users/mohankumar/.m2/repository/io/cucumber/datatable/7.17.0/datatable-7.17.0.jar:/Users/mohankumar/.m2/repository/io/cucumber/cucumber-plugin/7.17.0/cucumber-plugin-7.17.0.jar:/Users/mohankumar/.m2/repository/io/cucumber/docstring/7.17.0/docstring-7.17.0.jar:/Users/mohankumar/.m2/repository/io/cucumber/html-formatter/21.3.1/html-formatter-21.3.1.jar:/Users/mohankumar/.m2/repository/io/cucumber/junit-xml-formatter/0.4.0/junit-xml-formatter-0.4.0.jar:/Users/mohankumar/.m2/repository/io/cucumber/ci-environment/10.0.1/ci-environment-10.0.1.jar:/Users/mohankumar/.m2/repository/org/apiguardian/apiguardian-api/1.1.2/apiguardian-api-1.1.2.jar:/Users/mohankumar/.m2/repository/io/cucumber/cucumber-java/7.17.0/cucumber-java-7.17.0.jar:/Users/mohankumar/.m2/repository/io/cucumber/cucumber-junit/7.17.0/cucumber-junit-7.17.0.jar:/Users/mohankumar/.m2/repository/junit/junit/4.12/junit-4.12.jar:/Users/mohankumar/.m2/repository/io/rest-assured/rest-assured/5.4.0/rest-assured-5.4.0.jar:/Users/mohankumar/.m2/repository/org/apache/groovy/groovy/4.0.16/groovy-4.0.16.jar:/Users/mohankumar/.m2/repository/org/apache/groovy/groovy-xml/4.0.16/groovy-xml-4.0.16.jar:/Users/mohankumar/.m2/repository/org/apache/httpcomponents/httpclient/4.5.6/httpclient-4.5.6.jar:/Users/mohankumar/.m2/repository/org/apache/httpcomponents/httpcore/4.4.10/httpcore-4.4.10.jar:/Users/mohankumar/.m2/repository/commons-codec/commons-codec/1.11/commons-codec-1.11.jar:/Users/mohankumar/.m2/repository/org/apache/httpcomponents/httpmime/4.5.6/httpmime-4.5.6.jar:/Users/mohankumar/.m2/repository/org/hamcrest/hamcrest/2.2/hamcrest-2.2.jar:/Users/mohankumar/.m2/repository/org/ccil/cowan/tagsoup/tagsoup/1.2.1/tagsoup-1.2.1.jar:/Users/mohankumar/.m2/repository/io/rest-assured/json-path/5.4.0/json-path-5.4.0.jar:/Users/mohankumar/.m2/repository/org/apache/groovy/groovy-json/4.0.16/groovy-json-4.0.16.jar:/Users/mohankumar/.m2/repository/io/rest-assured/rest-assured-common/5.4.0/rest-assured-common-5.4.0.jar:/Users/mohankumar/.m2/repository/io/rest-assured/xml-path/5.4.0/xml-path-5.4.0.jar:/Users/mohankumar/.m2/repository/org/apache/commons/commons-lang3/3.8.1/commons-lang3-3.8.1.jar:/Users/mohankumar/.m2/repository/org/jacoco/org.jacoco.agent/0.8.8/org.jacoco.agent-0.8.8-runtime.jar:/Users/mohankumar/.m2/repository/org/sonarsource/java/sonar-jacoco-listeners/5.10.2.17019/sonar-jacoco-listeners-5.10.2.17019.jar:"/>
    <property name="java.vm.vendor" value="Azul Systems, Inc."/>
    <property name="sun.arch.data.model" value="64"/>
    <property name="java.vendor.url" value="http://www.azul.com/"/>
    <property name="user.timezone" value=""/>
    <property name="java.vm.specification.version" value="1.8"/>
    <property name="os.name" value="Mac OS X"/>
    <property name="user.country" value="IN"/>
    <property name="sun.java.launcher" value="SUN_STANDARD"/>
    <property name="sun.boot.library.path" value="/Library/Java/JavaVirtualMachines/zulu-8.jdk/Contents/Home/jre/lib"/>
    <property name="sun.java.command" value="/Users/mohankumar/Desktop/jenkins-devops-microservice/currency-exchange-microservice/target/surefire/surefirebooter3288427647387843874.jar /Users/mohankumar/Desktop/jenkins-devops-microservice/currency-exchange-microservice/target/surefire 2025-07-31T21-05-29_215-jvmRun1 surefire1409977754215673907tmp surefire_04043545070046573011tmp"/>
    <property name="http.nonProxyHosts" value="local|*.local|169.254/16|*.169.254/16"/>
    <property name="surefire.test.class.path" value="/Users/mohankumar/Desktop/jenkins-devops-microservice/currency-exchange-microservice/target/test-classes:/Users/mohankumar/Desktop/jenkins-devops-microservice/currency-exchange-microservice/target/classes:/Users/mohankumar/.m2/repository/org/springframework/boot/spring-boot-starter-web/2.1.1.RELEASE/spring-boot-starter-web-2.1.1.RELEASE.jar:/Users/mohankumar/.m2/repository/org/springframework/boot/spring-boot-starter/2.1.1.RELEASE/spring-boot-starter-2.1.1.RELEASE.jar:/Users/mohankumar/.m2/repository/org/springframework/boot/spring-boot-starter-logging/2.1.1.RELEASE/spring-boot-starter-logging-2.1.1.RELEASE.jar:/Users/mohankumar/.m2/repository/ch/qos/logback/logback-classic/1.2.3/logback-classic-1.2.3.jar:/Users/mohankumar/.m2/repository/ch/qos/logback/logback-core/1.2.3/logback-core-1.2.3.jar:/Users/mohankumar/.m2/repository/org/apache/logging/log4j/log4j-to-slf4j/2.11.1/log4j-to-slf4j-2.11.1.jar:/Users/mohankumar/.m2/repository/org/apache/logging/log4j/log4j-api/2.11.1/log4j-api-2.11.1.jar:/Users/mohankumar/.m2/repository/org/slf4j/jul-to-slf4j/1.7.25/jul-to-slf4j-1.7.25.jar:/Users/mohankumar/.m2/repository/javax/annotation/javax.annotation-api/1.3.2/javax.annotation-api-1.3.2.jar:/Users/mohankumar/.m2/repository/org/yaml/snakeyaml/1.23/snakeyaml-1.23.jar:/Users/mohankumar/.m2/repository/org/springframework/boot/spring-boot-starter-json/2.1.1.RELEASE/spring-boot-starter-json-2.1.1.RELEASE.jar:/Users/mohankumar/.m2/repository/com/fasterxml/jackson/core/jackson-databind/2.9.7/jackson-databind-2.9.7.jar:/Users/mohankumar/.m2/repository/com/fasterxml/jackson/core/jackson-annotations/2.9.0/jackson-annotations-2.9.0.jar:/Users/mohankumar/.m2/repository/com/fasterxml/jackson/core/jackson-core/2.9.7/jackson-core-2.9.7.jar:/Users/mohankumar/.m2/repository/com/fasterxml/jackson/datatype/jackson-datatype-jdk8/2.9.7/jackson-datatype-jdk8-2.9.7.jar:/Users/mohankumar/.m2/repository/com/fasterxml/jackson/datatype/jackson-datatype-jsr310/2.9.7/jackson-datatype-jsr310-2.9.7.jar:/Users/mohankumar/.m2/repository/com/fasterxml/jackson/module/jackson-module-parameter-names/2.9.7/jackson-module-parameter-names-2.9.7.jar:/Users/mohankumar/.m2/repository/org/springframework/boot/spring-boot-starter-tomcat/2.1.1.RELEASE/spring-boot-starter-tomcat-2.1.1.RELEASE.jar:/Users/mohankumar/.m2/repository/org/apache/tomcat/embed/tomcat-embed-core/9.0.13/tomcat-embed-core-9.0.13.jar:/Users/mohankumar/.m2/repository/org/apache/tomcat/embed/tomcat-embed-el/9.0.13/tomcat-embed-el-9.0.13.jar:/Users/mohankumar/.m2/repository/org/apache/tomcat/embed/tomcat-embed-websocket/9.0.13/tomcat-embed-websocket-9.0.13.jar:/Users/mohankumar/.m2/repository/org/hibernate/validator/hibernate-validator/6.0.13.Final/hibernate-validator-6.0.13.Final.jar:/Users/mohankumar/.m2/repository/javax/validation/validation-api/2.0.1.Final/validation-api-2.0.1.Final.jar:/Users/mohankumar/.m2/repository/org/jboss/logging/jboss-logging/3.3.2.Final/jboss-logging-3.3.2.Final.jar:/Users/mohankumar/.m2/repository/com/fasterxml/classmate/1.4.0/classmate-1.4.0.jar:/Users/mohankumar/.m2/repository/org/springframework/spring-web/5.1.3.RELEASE/spring-web-5.1.3.RELEASE.jar:/Users/mohankumar/.m2/repository/org/springframework/spring-beans/5.1.3.RELEASE/spring-beans-5.1.3.RELEASE.jar:/Users/mohankumar/.m2/repository/org/springframework/spring-webmvc/5.1.3.RELEASE/spring-webmvc-5.1.3.RELEASE.jar:/Users/mohankumar/.m2/repository/org/springframework/spring-aop/5.1.3.RELEASE/spring-aop-5.1.3.RELEASE.jar:/Users/mohankumar/.m2/repository/org/springframework/spring-context/5.1.3.RELEASE/spring-context-5.1.3.RELEASE.jar:/Users/mohankumar/.m2/repository/org/springframework/spring-expression/5.1.3.RELEASE/spring-expression-5.1.3.RELEASE.jar:/Users/mohankumar/.m2/repository/org/springframework/boot/spring-boot-starter-data-jpa/2.1.1.RELEASE/spring-boot-starter-data-jpa-2.1.1.RELEASE.jar:/Users/mohankumar/.m2/repository/org/springframework/boot/spring-boot-starter-aop/2.1.1.RELEASE/spring-boot-starter-aop-2.1.1.RELEASE.jar:/Users/mohankumar/.m2/repository/org/aspectj/aspectjweaver/1.9.2/aspectjweaver-1.9.2.jar:/Users/mohankumar/.m2/repository/org/springframework/boot/spring-boot-starter-jdbc/2.1.1.RELEASE/spring-boot-starter-jdbc-2.1.1.RELEASE.jar:/Users/mohankumar/.m2/repository/com/zaxxer/HikariCP/3.2.0/HikariCP-3.2.0.jar:/Users/mohankumar/.m2/repository/org/springframework/spring-jdbc/5.1.3.RELEASE/spring-jdbc-5.1.3.RELEASE.jar:/Users/mohankumar/.m2/repository/javax/transaction/javax.transaction-api/1.3/javax.transaction-api-1.3.jar:/Users/mohankumar/.m2/repository/org/hibernate/hibernate-core/5.3.7.Final/hibernate-core-5.3.7.Final.jar:/Users/mohankumar/.m2/repository/javax/persistence/javax.persistence-api/2.2/javax.persistence-api-2.2.jar:/Users/mohankumar/.m2/repository/org/javassist/javassist/3.23.1-GA/javassist-3.23.1-GA.jar:/Users/mohankumar/.m2/repository/net/bytebuddy/byte-buddy/1.9.5/byte-buddy-1.9.5.jar:/Users/mohankumar/.m2/repository/antlr/antlr/2.7.7/antlr-2.7.7.jar:/Users/mohankumar/.m2/repository/org/jboss/jandex/2.0.5.Final/jandex-2.0.5.Final.jar:/Users/mohankumar/.m2/repository/org/dom4j/dom4j/2.1.1/dom4j-2.1.1.jar:/Users/mohankumar/.m2/repository/org/hibernate/common/hibernate-commons-annotations/5.0.4.Final/hibernate-commons-annotations-5.0.4.Final.jar:/Users/mohankumar/.m2/repository/org/springframework/data/spring-data-jpa/2.1.3.RELEASE/spring-data-jpa-2.1.3.RELEASE.jar:/Users/mohankumar/.m2/repository/org/springframework/data/spring-data-commons/2.1.3.RELEASE/spring-data-commons-2.1.3.RELEASE.jar:/Users/mohankumar/.m2/repository/org/springframework/spring-orm/5.1.3.RELEASE/spring-orm-5.1.3.RELEASE.jar:/Users/mohankumar/.m2/repository/org/springframework/spring-tx/5.1.3.RELEASE/spring-tx-5.1.3.RELEASE.jar:/Users/mohankumar/.m2/repository/org/slf4j/slf4j-api/1.7.25/slf4j-api-1.7.25.jar:/Users/mohankumar/.m2/repository/org/springframework/spring-aspects/5.1.3.RELEASE/spring-aspects-5.1.3.RELEASE.jar:/Users/mohankumar/.m2/repository/org/springframework/boot/spring-boot-devtools/2.1.1.RELEASE/spring-boot-devtools-2.1.1.RELEASE.jar:/Users/mohankumar/.m2/repository/org/springframework/boot/spring-boot/2.1.1.RELEASE/spring-boot-2.1.1.RELEASE.jar:/Users/mohankumar/.m2/repository/org/springframework/boot/spring-boot-autoconfigure/2.1.1.RELEASE/spring-boot-autoconfigure-2.1.1.RELEASE.jar:/Users/mohankumar/.m2/repository/com/h2database/h2/1.4.197/h2-1.4.197.jar:/Users/mohankumar/.m2/repository/javax/xml/bind/jaxb-api/2.3.1/jaxb-api-2.3.1.jar:/Users/mohankumar/.m2/repository/javax/activation/javax.activation-api/1.2.0/javax.activation-api-1.2.0.jar:/Users/mohankumar/.m2/repository/com/sun/xml/bind/jaxb-impl/2.3.1/jaxb-impl-2.3.1.jar:/Users/mohankumar/.m2/repository/org/glassfish/jaxb/jaxb-runtime/2.3.1/jaxb-runtime-2.3.1.jar:/Users/mohankumar/.m2/repository/org/glassfish/jaxb/txw2/2.3.1/txw2-2.3.1.jar:/Users/mohankumar/.m2/repository/com/sun/istack/istack-commons-runtime/3.0.7/istack-commons-runtime-3.0.7.jar:/Users/mohankumar/.m2/repository/org/jvnet/staxex/stax-ex/1.8/stax-ex-1.8.jar:/Users/mohankumar/.m2/repository/com/sun/xml/fastinfoset/FastInfoset/1.2.15/FastInfoset-1.2.15.jar:/Users/mohankumar/.m2/repository/javax/activation/activation/1.1.1/activation-1.1.1.jar:/Users/mohankumar/.m2/repository/org/springframework/boot/spring-boot-starter-test/2.1.1.RELEASE/spring-boot-starter-test-2.1.1.RELEASE.jar:/Users/mohankumar/.m2/repository/org/springframework/boot/spring-boot-test/2.1.1.RELEASE/spring-boot-test-2.1.1.RELEASE.jar:/Users/mohankumar/.m2/repository/org/springframework/boot/spring-boot-test-autoconfigure/2.1.1.RELEASE/spring-boot-test-autoconfigure-2.1.1.RELEASE.jar:/Users/mohankumar/.m2/repository/com/jayway/jsonpath/json-path/2.4.0/json-path-2.4.0.jar:/Users/mohankumar/.m2/repository/net/minidev/json-smart/2.3/json-smart-2.3.jar:/Users/mohankumar/.m2/repository/net/minidev/accessors-smart/1.2/accessors-smart-1.2.jar:/Users/mohankumar/.m2/repository/org/ow2/asm/asm/5.0.4/asm-5.0.4.jar:/Users/mohankumar/.m2/repository/org/assertj/assertj-core/3.11.1/assertj-core-3.11.1.jar:/Users/mohankumar/.m2/repository/org/mockito/mockito-core/2.23.4/mockito-core-2.23.4.jar:/Users/mohankumar/.m2/repository/net/bytebuddy/byte-buddy-agent/1.9.5/byte-buddy-agent-1.9.5.jar:/Users/mohankumar/.m2/repository/org/objenesis/objenesis/2.6/objenesis-2.6.jar:/Users/mohankumar/.m2/repository/org/hamcrest/hamcrest-core/1.3/hamcrest-core-1.3.jar:/Users/mohankumar/.m2/repository/org/hamcrest/hamcrest-library/1.3/hamcrest-library-1.3.jar:/Users/mohankumar/.m2/repository/org/skyscreamer/jsonassert/1.5.0/jsonassert-1.5.0.jar:/Users/mohankumar/.m2/repository/com/vaadin/external/google/android-json/0.0.20131108.vaadin1/android-json-0.0.20131108.vaadin1.jar:/Users/mohankumar/.m2/repository/org/springframework/spring-core/5.1.3.RELEASE/spring-core-5.1.3.RELEASE.jar:/Users/mohankumar/.m2/repository/org/springframework/spring-jcl/5.1.3.RELEASE/spring-jcl-5.1.3.RELEASE.jar:/Users/mohankumar/.m2/repository/org/springframework/spring-test/5.1.3.RELEASE/spring-test-5.1.3.RELEASE.jar:/Users/mohankumar/.m2/repository/org/xmlunit/xmlunit-core/2.6.2/xmlunit-core-2.6.2.jar:/Users/mohankumar/.m2/repository/org/springframework/security/spring-security-test/5.1.2.RELEASE/spring-security-test-5.1.2.RELEASE.jar:/Users/mohankumar/.m2/repository/org/springframework/security/spring-security-core/5.1.2.RELEASE/spring-security-core-5.1.2.RELEASE.jar:/Users/mohankumar/.m2/repository/org/springframework/security/spring-security-web/5.1.2.RELEASE/spring-security-web-5.1.2.RELEASE.jar:/Users/mohankumar/.m2/repository/io/cucumber/cucumber-spring/7.17.0/cucumber-spring-7.17.0.jar:/Users/mohankumar/.m2/repository/io/cucumber/cucumber-core/7.17.0/cucumber-core-7.17.0.jar:/Users/mohankumar/.m2/repository/io/cucumber/cucumber-gherkin/7.17.0/cucumber-gherkin-7.17.0.jar:/Users/mohankumar/.m2/repository/io/cucumber/cucumber-gherkin-messages/7.17.0/cucumber-gherkin-messages-7.17.0.jar:/Users/mohankumar/.m2/repository/io/cucumber/gherkin/28.0.0/gherkin-28.0.0.jar:/Users/mohankumar/.m2/repository/io/cucumber/messages/24.1.0/messages-24.1.0.jar:/Users/mohankumar/.m2/repository/io/cucumber/testng-xml-formatter/0.1.0/testng-xml-formatter-0.1.0.jar:/Users/mohankumar/.m2/repository/io/cucumber/query/12.2.0/query-12.2.0.jar:/Users/mohankumar/.m2/repository/io/cucumber/tag-expressions/6.1.0/tag-expressions-6.1.0.jar:/Users/mohankumar/.m2/repository/io/cucumber/cucumber-expressions/17.1.0/cucumber-expressions-17.1.0.jar:/Users/mohankumar/.m2/repository/io/cucumber/datatable/7.17.0/datatable-7.17.0.jar:/Users/mohankumar/.m2/repository/io/cucumber/cucumber-plugin/7.17.0/cucumber-plugin-7.17.0.jar:/Users/mohankumar/.m2/repository/io/cucumber/docstring/7.17.0/docstring-7.17.0.jar:/Users/mohankumar/.m2/repository/io/cucumber/html-formatter/21.3.1/html-formatter-21.3.1.jar:/Users/mohankumar/.m2/repository/io/cucumber/junit-xml-formatter/0.4.0/junit-xml-formatter-0.4.0.jar:/Users/mohankumar/.m2/repository/io/cucumber/ci-environment/10.0.1/ci-environment-10.0.1.jar:/Users/mohankumar/.m2/repository/org/apiguardian/apiguardian-api/1.1.2/apiguardian-api-1.1.2.jar:/Users/mohankumar/.m2/repository/io/cucumber/cucumber-java/7.17.0/cucumber-java-7.17.0.jar:/Users/mohankumar/.m2/repository/io/cucumber/cucumber-junit/7.17.0/cucumber-junit-7.17.0.jar:/Users/mohankumar/.m2/repository/junit/junit/4.12/junit-4.12.jar:/Users/mohankumar/.m2/repository/io/rest-assured/rest-assured/5.4.0/rest-assured-5.4.0.jar:/Users/mohankumar/.m2/repository/org/apache/groovy/groovy/4.0.16/groovy-4.0.16.jar:/Users/mohankumar/.m2/repository/org/apache/groovy/groovy-xml/4.0.16/groovy-xml-4.0.16.jar:/Users/mohankumar/.m2/repository/org/apache/httpcomponents/httpclient/4.5.6/httpclient-4.5.6.jar:/Users/mohankumar/.m2/repository/org/apache/httpcomponents/httpcore/4.4.10/httpcore-4.4.10.jar:/Users/mohankumar/.m2/repository/commons-codec/commons-codec/1.11/commons-codec-1.11.jar:/Users/mohankumar/.m2/repository/org/apache/httpcomponents/httpmime/4.5.6/httpmime-4.5.6.jar:/Users/mohankumar/.m2/repository/org/hamcrest/hamcrest/2.2/hamcrest-2.2.jar:/Users/mohankumar/.m2/repository/org/ccil/cowan/tagsoup/tagsoup/1.2.1/tagsoup-1.2.1.jar:/Users/mohankumar/.m2/repository/io/rest-assured/json-path/5.4.0/json-path-5.4.0.jar:/Users/mohankumar/.m2/repository/org/apache/groovy/groovy-json/4.0.16/groovy-json-4.0.16.jar:/Users/mohankumar/.m2/repository/io/rest-assured/rest-assured-common/5.4.0/rest-assured-common-5.4.0.jar:/Users/mohankumar/.m2/repository/io/rest-assured/xml-path/5.4.0/xml-path-5.4.0.jar:/Users/mohankumar/.m2/repository/org/apache/commons/commons-lang3/3.8.1/commons-lang3-3.8.1.jar:/Users/mohankumar/.m2/repository/org/jacoco/org.jacoco.agent/0.8.8/org.jacoco.agent-0.8.8-runtime.jar:/Users/mohankumar/.m2/repository/org/sonarsource/java/sonar-jacoco-listeners/5.10.2.17019/sonar-jacoco-listeners-5.10.2.17019.jar:"/>
    <property name="sun.cpu.endian" value="little"/>
    <property name="user.home" value="/Users/mohankumar"/>
    <property name="user.language" value="en"/>
    <property name="java.specification.vendor" value="Oracle Corporation"/>
    <property name="java.home" value="/Library/Java/JavaVirtualMachines/zulu-8.jdk/Contents/Home/jre"/>
    <property name="basedir" value="/Users/mohankumar/Desktop/jenkins-devops-microservice/currency-exchange-microservice"/>
    <property name="file.separator" value="/"/>
    <property name="line.separator" value="&#10;"/>
    <property name="jdk.vendor.version" value="Zulu 8.88.0.19-CA-macos-aarch64"/>
    <property name="java.vm.specification.vendor" value="Oracle Corporation"/>
    <property name="java.specification.name" value="Java Platform API Specification"/>
    <property name="java.awt.graphicsenv" value="sun.awt.CGraphicsEnvironment"/>
    <property name="surefire.real.class.path" value="/Users/mohankumar/Desktop/jenkins-devops-microservice/currency-exchange-microservice/target/surefire/surefirebooter3288427647387843874.jar:/Users/mohankumar/.m2/repository/org/jacoco/org.jacoco.agent/0.8.8/org.jacoco.agent-0.8.8-runtime.jar"/>
    <property name="sun.boot.class.path" value="/Library/Java/JavaVirtualMachines/zulu-8.jdk/Contents/Home/jre/lib/resources.jar:/Library/Java/JavaVirtualMachines/zulu-8.jdk/Contents/Home/jre/lib/rt.jar:/Library/Java/JavaVirtualMachines/zulu-8.jdk/Contents/Home/jre/lib/sunrsasign.jar:/Library/Java/JavaVirtualMachines/zulu-8.jdk/Contents/Home/jre/lib/jsse.jar:/Library/Java/JavaVirtualMachines/zulu-8.jdk/Contents/Home/jre/lib/jce.jar:/Library/Java/JavaVirtualMachines/zulu-8.jdk/Contents/Home/jre/lib/charsets.jar:/Library/Java/JavaVirtualMachines/zulu-8.jdk/Contents/Home/jre/lib/jfr.jar:/Library/Java/JavaVirtualMachines/zulu-8.jdk/Contents/Home/jre/lib/cat.jar:/Library/Java/JavaVirtualMachines/zulu-8.jdk/Contents/Home/jre/classes"/>
    <property name="sun.management.compiler" value="HotSpot 64-Bit Tiered Compilers"/>
    <property name="ftp.nonProxyHosts" value="local|*.local|169.254/16|*.169.254/16"/>
    <property name="java.runtime.version" value="1.8.0_462-b08"/>
    <property name="user.name" value="mohankumar"/>
    <property name="path.separator" value=":"/>
    <property name="os.version" value="15.6"/>
    <property name="java.endorsed.dirs" value="/Library/Java/JavaVirtualMachines/zulu-8.jdk/Contents/Home/jre/lib/endorsed"/>
    <property name="java.runtime.name" value="OpenJDK Runtime Environment"/>
    <property name="file.encoding" value="UTF-8"/>
    <property name="java.vm.name" value="OpenJDK 64-Bit Server VM"/>
    <property name="localRepository" value="/Users/mohankumar/.m2/repository"/>
    <property name="java.vendor.url.bug" value="http://www.azul.com/support/"/>
    <property name="java.io.tmpdir" value="/var/folders/_r/r8v4c3x53252_bk_j08mznj40000gn/T/"/>
    <property name="java.version" value="1.8.0_462"/>
    <property name="user.dir" value="/Users/mohankumar/Desktop/jenkins-devops-microservice/currency-exchange-microservice"/>
    <property name="os.arch" value="aarch64"/>
    <property name="java.vm.specification.name" value="Java Virtual Machine Specification"/>
    <property name="java.awt.printerjob" value="sun.lwawt.macosx.CPrinterJob"/>
    <property name="sun.os.patch.level" value="unknown"/>
    <property name="java.library.path" value="/Users/mohankumar/Library/Java/Extensions:/Library/Java/Extensions:/Network/Library/Java/Extensions:/System/Library/Java/Extensions:/usr/lib/java:."/>
    <property name="java.vm.info" value="mixed mode"/>
    <property name="java.vendor" value="Azul Systems, Inc."/>
    <property name="java.vm.version" value="25.462-b08"/>
    <property name="java.specification.maintenance.version" value="6"/>
    <property name="java.ext.dirs" value="/Users/mohankumar/Library/Java/Extensions:/Library/Java/JavaVirtualMachines/zulu-8.jdk/Contents/Home/jre/lib/ext:/Library/Java/Extensions:/Network/Library/Java/Extensions:/System/Library/Java/Extensions:/usr/lib/java"/>
    <property name="sun.io.unicode.encoding" value="UnicodeBig"/>
    <property name="java.class.version" value="52.0"/>
    <property name="socksNonProxyHosts" value="local|*.local|169.254/16|*.169.254/16"/>
  </properties>
  <testcase name="contextLoads" classname="com.in28minutes.microservices.currencyexchangeservice.CurrencyExchangeServiceApplicationTests" time="0.116"/>
</testsuite>